[debug] [2021-04-07T22:47:59.860Z] ----------------------------------------------------------------------
[debug] [2021-04-07T22:47:59.861Z] Command:       C:\Program Files\nodejs\node.exe C:\Users\Guilherme\AppData\Roaming\npm\node_modules\firebase-tools\lib\bin\firebase.js init
[debug] [2021-04-07T22:47:59.862Z] CLI Version:   9.9.0
[debug] [2021-04-07T22:47:59.862Z] Platform:      win32
[debug] [2021-04-07T22:47:59.862Z] Node Version:  v12.16.2
[debug] [2021-04-07T22:47:59.862Z] Time:          Wed Apr 07 2021 19:47:59 GMT-0300 (GMT-03:00)
[debug] [2021-04-07T22:47:59.863Z] ----------------------------------------------------------------------
[debug] 
[debug] [2021-04-07T22:47:59.867Z] > command requires scopes: ["email","openid","https://www.googleapis.com/auth/cloudplatformprojects.readonly","https://www.googleapis.com/auth/firebase","https://www.googleapis.com/auth/cloud-platform"]
[debug] [2021-04-07T22:47:59.867Z] > authorizing via signed-in user (amado.guigui@gmail.com)
[info] 
     ######## #### ########  ######## ########     ###     ######  ########
     ##        ##  ##     ## ##       ##     ##  ##   ##  ##       ##
     ######    ##  ########  ######   ########  #########  ######  ######
     ##        ##  ##    ##  ##       ##     ## ##     ##       ## ##
     ##       #### ##     ## ######## ########  ##     ##  ######  ########

You're about to initialize a Firebase project in this directory:

  C:\Projects\nivelati\frontend

Before we get started, keep in mind:

  * You are currently outside your home directory

[debug] [2021-04-07T22:48:53.538Z] ----------------------------------------------------------------------
[debug] [2021-04-07T22:48:53.539Z] Command:       C:\Program Files\nodejs\node.exe C:\Users\Guilherme\AppData\Roaming\npm\node_modules\firebase-tools\lib\bin\firebase.js init
[debug] [2021-04-07T22:48:53.539Z] CLI Version:   9.9.0
[debug] [2021-04-07T22:48:53.540Z] Platform:      win32
[debug] [2021-04-07T22:48:53.540Z] Node Version:  v12.16.2
[debug] [2021-04-07T22:48:53.540Z] Time:          Wed Apr 07 2021 19:48:53 GMT-0300 (GMT-03:00)
[debug] [2021-04-07T22:48:53.540Z] ----------------------------------------------------------------------
[debug] 
[debug] [2021-04-07T22:48:53.545Z] > command requires scopes: ["email","openid","https://www.googleapis.com/auth/cloudplatformprojects.readonly","https://www.googleapis.com/auth/firebase","https://www.googleapis.com/auth/cloud-platform"]
[debug] [2021-04-07T22:48:53.545Z] > authorizing via signed-in user (amado.guigui@gmail.com)
[info] 
     ######## #### ########  ######## ########     ###     ######  ########
     ##        ##  ##     ## ##       ##     ##  ##   ##  ##       ##
     ######    ##  ########  ######   ########  #########  ######  ######
     ##        ##  ##    ##  ##       ##     ## ##     ##       ## ##
     ##       #### ##     ## ######## ########  ##     ##  ######  ########

You're about to initialize a Firebase project in this directory:

  C:\Projects\nivelati\frontend

Before we get started, keep in mind:

  * You are currently outside your home directory

